<?xml version="1.0" encoding="UTF-8"?>
<!-- Generated by org.testng.reporters.JUnitReportReporter -->
<testsuite hostname="LAPTOP-QRLKBVBD" failures="0" tests="2" name="aug20.Advance_Reports" time="18.275" errors="0" timestamp="2024-08-20T21:14:32 IST" skipped="0">
  <testcase classname="aug20.Advance_Reports" name="firstTestcase" time="10.075"/>
  <system-out/>
  <testcase classname="aug20.Advance_Reports" name="secondTestcase" time="8.200"/>
  <system-out/>
</testsuite> <!-- aug20.Advance_Reports -->
