<?xml version="1.0" encoding="UTF-8"?>
<!-- Generated by org.testng.reporters.JUnitReportReporter -->
<testsuite hostname="LAPTOP-QRLKBVBD" failures="0" tests="2" name="Aug19.Using_Properties" time="40.679" errors="0" timestamp="2024-08-20T20:58:28 IST" skipped="0">
  <testcase classname="Aug19.Using_Properties" name="roleCreation" time="12.585"/>
  <system-out/>
  <testcase classname="Aug19.Using_Properties" name="branchCreation" time="28.094"/>
  <system-out/>
</testsuite> <!-- Aug19.Using_Properties -->
